<?xml version="1.0" encoding="UTF-8"?>
<!-- Generated by org.testng.reporters.JUnitReportReporter -->
<testsuite hostname="LAPTOP-B2S64KJ6" failures="0" tests="1" name="testCases.TC002_LoginTest" time="2.145" errors="0" timestamp="2025-03-26T00:38:18 IST" skipped="0">
  <testcase classname="testCases.TC002_LoginTest" name="Verify_Login" time="2.145"/>
</testsuite> <!-- testCases.TC002_LoginTest -->
