<?xml version="1.0" encoding="UTF-8"?>
<!-- Generated by org.testng.reporters.JUnitReportReporter -->
<testsuite hostname="LAPTOP-B2S64KJ6" failures="0" tests="1" name="testCases.TC001_AccountRegistrationTest" time="2.941" errors="0" timestamp="2025-03-26T00:38:18 IST" skipped="0">
  <testcase classname="testCases.TC001_AccountRegistrationTest" name="Register_Verification" time="2.941"/>
</testsuite> <!-- testCases.TC001_AccountRegistrationTest -->
